2024-10-16 14:41:43 - WARNING - value not entered properly
2024-10-16 14:41:43 - WARNING - value not entered properly
2024-10-16 14:41:50 - WARNING - value not entered properly
2024-10-16 14:41:54 - WARNING - value not entered properly
2024-10-16 14:45:01 - WARNING - value not entered properly
2024-10-16 14:45:01 - WARNING - value not entered properly
2024-10-16 14:50:19 - DEBUG - Popen(['git', 'version'], cwd=C:\Users\admin\OneDrive\Desktop\ML_math_application, stdin=None, shell=False, universal_newlines=False)
2024-10-16 14:50:19 - DEBUG - Popen(['git', 'rev-parse', '--show-toplevel'], cwd=C:\Users\admin\OneDrive\Desktop\ML_math_application, stdin=None, shell=False, universal_newlines=False)
2024-10-16 14:50:19 - DEBUG - Popen(['git', 'remote', 'get-url', '--all', 'origin'], cwd=C:\Users\admin\OneDrive\Desktop\ML_math_application, stdin=None, shell=False, universal_newlines=False)
2024-10-16 14:50:19 - DEBUG - Popen(['git', 'status', '--porcelain', '--untracked-files'], cwd=C:\Users\admin\OneDrive\Desktop\ML_math_application, stdin=None, shell=False, universal_newlines=False)
2024-10-16 14:50:19 - DEBUG - Popen(['git', 'diff', '--abbrev=40', '--full-index', '-M', '--raw', '-z', '--no-color'], cwd=C:\Users\admin\OneDrive\Desktop\ML_math_application, stdin=None, shell=False, universal_newlines=False)
2024-10-16 14:50:19 - DEBUG - Popen(['git', 'cat-file', '--batch-check'], cwd=C:\Users\admin\OneDrive\Desktop\ML_math_application, stdin=<valid stream>, shell=False, universal_newlines=False)
2024-10-16 14:50:19 - DEBUG - Popen(['git', 'rev-list', 'origin/main..main', '--'], cwd=C:\Users\admin\OneDrive\Desktop\ML_math_application, stdin=None, shell=False, universal_newlines=False)
2024-10-16 15:00:46 - WARNING - value not entered properly
2024-10-16 15:00:46 - WARNING - value not entered properly
2024-10-16 15:00:54 - WARNING - value not entered properly
2024-10-16 15:01:06 - WARNING - value not entered properly
2024-10-16 15:03:03 - WARNING - value not entered properly
2024-10-16 15:03:03 - WARNING - value not entered properly
2024-10-16 15:03:32 - DEBUG - Popen(['git', 'version'], cwd=C:\Users\admin\OneDrive\Desktop\ML_math_application, stdin=None, shell=False, universal_newlines=False)
2024-10-16 15:03:32 - DEBUG - Popen(['git', 'rev-parse', '--show-toplevel'], cwd=C:\Users\admin\OneDrive\Desktop\ML_math_application, stdin=None, shell=False, universal_newlines=False)
2024-10-16 15:03:32 - DEBUG - Popen(['git', 'remote', 'get-url', '--all', 'origin'], cwd=C:\Users\admin\OneDrive\Desktop\ML_math_application, stdin=None, shell=False, universal_newlines=False)
2024-10-16 15:03:33 - DEBUG - Popen(['git', 'status', '--porcelain', '--untracked-files'], cwd=C:\Users\admin\OneDrive\Desktop\ML_math_application, stdin=None, shell=False, universal_newlines=False)
2024-10-16 15:03:33 - DEBUG - Popen(['git', 'diff', '--abbrev=40', '--full-index', '-M', '--raw', '-z', '--no-color'], cwd=C:\Users\admin\OneDrive\Desktop\ML_math_application, stdin=None, shell=False, universal_newlines=False)
2024-10-16 15:03:33 - DEBUG - Popen(['git', 'cat-file', '--batch-check'], cwd=C:\Users\admin\OneDrive\Desktop\ML_math_application, stdin=<valid stream>, shell=False, universal_newlines=False)
2024-10-16 15:03:33 - DEBUG - Popen(['git', 'rev-list', 'origin/main..main', '--'], cwd=C:\Users\admin\OneDrive\Desktop\ML_math_application, stdin=None, shell=False, universal_newlines=False)
2024-10-16 15:31:52 - WARNING - value not entered properly
2024-10-16 15:31:52 - WARNING - value not entered properly
2024-10-16 15:32:02 - WARNING - value not entered properly
2024-10-16 15:32:02 - WARNING - value not entered properly
2024-10-16 15:32:08 - WARNING - value not entered properly
2024-10-16 15:32:20 - WARNING - value not entered properly
2024-10-16 15:32:23 - WARNING - value not entered properly
2024-10-16 15:32:30 - WARNING - value not entered properly
2024-10-16 15:32:30 - WARNING - value not entered properly
2024-10-16 15:32:32 - WARNING - value not entered properly
2024-10-16 15:33:39 - WARNING - value not entered properly
2024-10-16 15:33:39 - WARNING - value not entered properly
2024-10-16 15:33:41 - WARNING - value not entered properly
2024-10-16 15:34:11 - WARNING - value not entered properly
2024-10-16 15:34:11 - WARNING - value not entered properly
2024-10-16 15:34:22 - WARNING - value not entered properly
2024-10-16 15:34:26 - WARNING - value not entered properly
2024-10-16 15:34:26 - WARNING - value not entered properly
